zoomable/build/outputs/logs/manifest-merger-debug-report.txt
-- Merging decision tree log ---
manifest
ADDED from src\main\AndroidManifest.xml:2:1-11:12
INJECTED from src\main\AndroidManifest.xml:2:1-11:12
INJECTED from src\main\AndroidManifest.xml:2:1-11:12
	package
		ADDED from src\main\AndroidManifest.xml:4:5-44
		INJECTED from src\main\AndroidManifest.xml
		INJECTED from src\main\AndroidManifest.xml
	xmlns:android
		ADDED from src\main\AndroidManifest.xml:3:5-63
uses-sdk
ADDED from src\main\AndroidManifest.xml:7:3-10:9
	android:targetSdkVersion
		ADDED from src\main\AndroidManifest.xml:9:7-36
	android:minSdkVersion
		ADDED from src\main\AndroidManifest.xml:8:7-32